<?xml version="1.0" encoding="UTF-8"?>
<!-- Generated by org.testng.reporters.JUnitXMLReporter -->
<testsuite ignored="0" hostname="Aaqibs-MacBook-Pro.local" failures="0" tests="3" name="Default test" time="70.681" errors="0" timestamp="2023-04-09T23:13:30 PKT">
  <testcase classname="com.ounass.qa.testcases.LoginPageTest" name="loginTest" time="8.784"/>
  <testcase classname="com.ounass.qa.testcases.LoginPageTest" name="loginPageTitleTest" time="0.387"/>
  <testcase classname="com.ounass.qa.testcases.LoginPageTest" name="loginbtnTest" time="3.956"/>
</testsuite> <!-- Default test -->
