<?xml version="1.0" encoding="UTF-8"?>
<testng-results ignored="0" total="3" passed="3" failed="0" skipped="0">
  <reporter-output>
  </reporter-output>
  <suite started-at="2023-04-09T23:12:20 PKT" name="Default suite" finished-at="2023-04-09T23:13:30 PKT" duration-ms="70681">
    <groups>
    </groups>
    <test started-at="2023-04-09T23:12:20 PKT" name="Default test" finished-at="2023-04-09T23:13:30 PKT" duration-ms="70681">
      <class name="com.ounass.qa.testcases.LoginPageTest">
        <test-method is-config="true" signature="setUp()[pri:0, instance:com.ounass.qa.testcases.LoginPageTest@4b0b0854]" started-at="2023-04-09T23:12:20 PKT" name="setUp" finished-at="2023-04-09T23:12:39 PKT" duration-ms="19567" status="PASS">
          <reporter-output>
          </reporter-output>
        </test-method> <!-- setUp -->
        <test-method signature="loginTest()[pri:1, instance:com.ounass.qa.testcases.LoginPageTest@4b0b0854]" started-at="2023-04-09T23:12:39 PKT" name="loginTest" finished-at="2023-04-09T23:12:48 PKT" duration-ms="8784" status="PASS">
          <reporter-output>
          </reporter-output>
        </test-method> <!-- loginTest -->
        <test-method is-config="true" signature="tearDown()[pri:0, instance:com.ounass.qa.testcases.LoginPageTest@4b0b0854]" started-at="2023-04-09T23:12:48 PKT" name="tearDown" finished-at="2023-04-09T23:12:48 PKT" duration-ms="207" status="PASS">
          <reporter-output>
          </reporter-output>
        </test-method> <!-- tearDown -->
        <test-method is-config="true" signature="setUp()[pri:0, instance:com.ounass.qa.testcases.LoginPageTest@4b0b0854]" started-at="2023-04-09T23:12:48 PKT" name="setUp" finished-at="2023-04-09T23:13:07 PKT" duration-ms="18855" status="PASS">
          <reporter-output>
          </reporter-output>
        </test-method> <!-- setUp -->
        <test-method signature="loginPageTitleTest()[pri:2, instance:com.ounass.qa.testcases.LoginPageTest@4b0b0854]" started-at="2023-04-09T23:13:07 PKT" name="loginPageTitleTest" finished-at="2023-04-09T23:13:08 PKT" duration-ms="387" status="PASS">
          <reporter-output>
          </reporter-output>
        </test-method> <!-- loginPageTitleTest -->
        <test-method is-config="true" signature="tearDown()[pri:0, instance:com.ounass.qa.testcases.LoginPageTest@4b0b0854]" started-at="2023-04-09T23:13:08 PKT" name="tearDown" finished-at="2023-04-09T23:13:08 PKT" duration-ms="140" status="PASS">
          <reporter-output>
          </reporter-output>
        </test-method> <!-- tearDown -->
        <test-method is-config="true" signature="setUp()[pri:0, instance:com.ounass.qa.testcases.LoginPageTest@4b0b0854]" started-at="2023-04-09T23:13:08 PKT" name="setUp" finished-at="2023-04-09T23:13:26 PKT" duration-ms="18500" status="PASS">
          <reporter-output>
          </reporter-output>
        </test-method> <!-- setUp -->
        <test-method signature="loginbtnTest()[pri:2, instance:com.ounass.qa.testcases.LoginPageTest@4b0b0854]" started-at="2023-04-09T23:13:26 PKT" name="loginbtnTest" finished-at="2023-04-09T23:13:30 PKT" duration-ms="3956" status="PASS">
          <reporter-output>
          </reporter-output>
        </test-method> <!-- loginbtnTest -->
        <test-method is-config="true" signature="tearDown()[pri:0, instance:com.ounass.qa.testcases.LoginPageTest@4b0b0854]" started-at="2023-04-09T23:13:30 PKT" name="tearDown" finished-at="2023-04-09T23:13:30 PKT" duration-ms="176" status="PASS">
          <reporter-output>
          </reporter-output>
        </test-method> <!-- tearDown -->
      </class> <!-- com.ounass.qa.testcases.LoginPageTest -->
    </test> <!-- Default test -->
  </suite> <!-- Default suite -->
</testng-results>
